<?xml version="1.0" encoding="UTF-8"?>
<robot generator="Robot 6.0.1 (Python 3.11.0 on win32)" generated="20221209 22:15:15.830" rpa="false" schemaversion="3">
<suite id="s1" name="Appium" source="C:\Users\m.sameer\PycharmProjects\Robot_POC\TestSuites\appium.robot">
<test id="s1-t1" name="Should send keys to search box and then check the value" line="12">
<kw name="Open Test Application">
<kw name="Open Application" library="AppiumLibrary">
<arg>http://127.0.0.1:4723/wd/hub</arg>
<arg>automationName=${ANDROID_AUTOMATION_NAME}</arg>
<arg>platformName=${ANDROID_PLATFORM_NAME}</arg>
<arg>platformVersion=${ANDROID_PLATFORM_VERSION}</arg>
<arg>app=${ANDROID_APP}</arg>
<arg>appPackage=io.appium.android.apis</arg>
<arg>appActivity=.app.SearchInvoke</arg>
<doc>Opens a new application to given Appium server.
Capabilities of appium server, Android and iOS,
Please check https://github.com/appium/appium/blob/master/docs/en/writing-running-appium/server-args.md
| *Option*            | *Man.* | *Description*     |
| remote_url          | Yes    | Appium server url |
| alias               | no     | alias             |
| strict_ssl          | No     | allows you to send commands to an invalid certificate host like a self-signed one. |</doc>
<kw name="Capture Page Screenshot" library="AppiumLibrary">
<doc>Takes a screenshot of the current page and embeds it into the log.</doc>
<msg timestamp="20221209 22:15:22.993" level="FAIL">No application is open</msg>
<status status="FAIL" starttime="20221209 22:15:22.992" endtime="20221209 22:15:23.028"/>
</kw>
<msg timestamp="20221209 22:15:23.030" level="WARN">Keyword 'Capture Page Screenshot' could not be run on failure: No application is open</msg>
<msg timestamp="20221209 22:15:23.031" level="FAIL">WebDriverException: Message: An unknown server-side error occurred while processing the command. Original error: The application at 'C:\Users\m.sameer\PycharmProjects\Robot_POC\TestSuites/demoapp/ApiDemos-debug.apk' does not exist or is not accessible
Stacktrace:
UnknownError: An unknown server-side error occurred while processing the command. Original error: The application at 'C:\Users\m.sameer\PycharmProjects\Robot_POC\TestSuites/demoapp/ApiDemos-debug.apk' does not exist or is not accessible
    at getResponseForW3CError (C:\Users\m.sameer\AppData\Roaming\npm\node_modules\appium\node_modules\appium-base-driver\lib\protocol\errors.js:804:9)
    at asyncHandler (C:\Users\m.sameer\AppData\Roaming\npm\node_modules\appium\node_modules\appium-base-driver\lib\protocol\protocol.js:380:37)</msg>
<status status="FAIL" starttime="20221209 22:15:16.164" endtime="20221209 22:15:23.032"/>
</kw>
<status status="FAIL" starttime="20221209 22:15:16.163" endtime="20221209 22:15:23.032"/>
</kw>
<kw name="Input Search Query">
<arg>Hello World!</arg>
<status status="NOT RUN" starttime="20221209 22:15:23.033" endtime="20221209 22:15:23.033"/>
</kw>
<kw name="Submit Search">
<status status="NOT RUN" starttime="20221209 22:15:23.034" endtime="20221209 22:15:23.034"/>
</kw>
<kw name="Search Query Should Be Matching">
<arg>Hello World!</arg>
<status status="NOT RUN" starttime="20221209 22:15:23.035" endtime="20221209 22:15:23.035"/>
</kw>
<status status="FAIL" starttime="20221209 22:15:16.163" endtime="20221209 22:15:23.036">WebDriverException: Message: An unknown server-side error occurred while processing the command. Original error: The application at 'C:\Users\m.sameer\PycharmProjects\Robot_POC\TestSuites/demoapp/ApiDemos-debug.apk' does not exist or is not accessible
Stacktrace:
UnknownError: An unknown server-side error occurred while processing the command. Original error: The application at 'C:\Users\m.sameer\PycharmProjects\Robot_POC\TestSuites/demoapp/ApiDemos-debug.apk' does not exist or is not accessible
    at getResponseForW3CError (C:\Users\m.sameer\AppData\Roaming\npm\node_modules\appium\node_modules\appium-base-driver\lib\protocol\errors.js:804:9)
    at asyncHandler (C:\Users\m.sameer\AppData\Roaming\npm\node_modules\appium\node_modules\appium-base-driver\lib\protocol\protocol.js:380:37)</status>
</test>
<doc>Simple example using AppiumLibrary</doc>
<status status="FAIL" starttime="20221209 22:15:15.833" endtime="20221209 22:15:23.038"/>
</suite>
<statistics>
<total>
<stat pass="0" fail="1" skip="0">All Tests</stat>
</total>
<tag>
</tag>
<suite>
<stat pass="0" fail="1" skip="0" id="s1" name="Appium">Appium</stat>
</suite>
</statistics>
<errors>
<msg timestamp="20221209 22:15:23.030" level="WARN">Keyword 'Capture Page Screenshot' could not be run on failure: No application is open</msg>
</errors>
</robot>
