<?xml version="1.0" encoding="UTF-8"?>
<robot generator="Robot 6.0.1 (Python 3.8.0 on win32)" generated="20221127 11:12:57.630" rpa="false" schemaversion="3">
<suite id="s1" name="Suites">
<suite id="s1-s1" name="Login TestSuite2" source="C:\Users\m.sameer\PycharmProjects\Robot_POC\TestSuites\Login_TestSuite2.robot">
<test id="s1-s1-t1" name="Test Case SignIn with Valid Credentials" line="12">
<kw name="Open Chrome Browser" library="Webdriver_Manager" type="SETUP">
<kw name="Set Common Global Variables" library="Variables">
<kw name="Set Global Variable" library="BuiltIn">
<arg>${URL}</arg>
<arg>https://spa.qvp.uat.devops.takamol.support/home</arg>
<doc>Makes a variable available globally in all tests and suites.</doc>
<msg timestamp="20221127 11:12:58.316" level="INFO">${URL} = https://spa.qvp.uat.devops.takamol.support/home</msg>
<status status="PASS" starttime="20221127 11:12:58.314" endtime="20221127 11:12:58.316"/>
</kw>
<kw name="Set Global Variable" library="BuiltIn">
<arg>${Explicit_Timeout}</arg>
<arg>60s</arg>
<doc>Makes a variable available globally in all tests and suites.</doc>
<msg timestamp="20221127 11:12:58.317" level="INFO">${Explicit_Timeout} = 60s</msg>
<status status="PASS" starttime="20221127 11:12:58.316" endtime="20221127 11:12:58.317"/>
</kw>
<status status="PASS" starttime="20221127 11:12:58.311" endtime="20221127 11:12:58.317"/>
</kw>
<kw name="Open Browser" library="SeleniumLibrary">
<arg>url=${URL}</arg>
<arg>browser=Chrome</arg>
<doc>Opens a new browser instance to the optional ``url``.</doc>
<msg timestamp="20221127 11:12:58.318" level="INFO">Opening browser 'Chrome' to base url 'https://spa.qvp.uat.devops.takamol.support/home'.</msg>
<status status="PASS" starttime="20221127 11:12:58.317" endtime="20221127 11:13:10.594"/>
</kw>
<kw name="Maximize Browser Window" library="SeleniumLibrary">
<doc>Maximizes current browser window.</doc>
<status status="PASS" starttime="20221127 11:13:10.595" endtime="20221127 11:13:10.914"/>
</kw>
<kw name="Set Selenium Speed" library="SeleniumLibrary">
<arg>0.5s</arg>
<doc>Sets the delay that is waited after each Selenium command.</doc>
<status status="PASS" starttime="20221127 11:13:10.915" endtime="20221127 11:13:10.916"/>
</kw>
<status status="PASS" starttime="20221127 11:12:58.311" endtime="20221127 11:13:10.917"/>
</kw>
<kw name="Open Sign In Page" library="Keywords_Login">
<kw name="Get Home Page Logo" library="Home_Page">
<kw name="Wait Until Page Contains Element" library="SeleniumLibrary">
<arg>${home_Logo}</arg>
<arg>${Explicit_Timeout}</arg>
<doc>Waits until the element ``locator`` appears on the current page.</doc>
<status status="PASS" starttime="20221127 11:13:10.919" endtime="20221127 11:13:11.736"/>
</kw>
<status status="PASS" starttime="20221127 11:13:10.919" endtime="20221127 11:13:11.737"/>
</kw>
<kw name="Click Login Button in Home Page" library="Home_Page">
<kw name="Wait Until Element Is Enabled" library="SeleniumLibrary">
<arg>${login_Btn}</arg>
<arg>${Explicit_Timeout}</arg>
<doc>Waits until the element ``locator`` is enabled.</doc>
<status status="PASS" starttime="20221127 11:13:11.739" endtime="20221127 11:13:13.430"/>
</kw>
<kw name="Click Element" library="SeleniumLibrary">
<arg>${login_Btn}</arg>
<doc>Click the element identified by ``locator``.</doc>
<msg timestamp="20221127 11:13:13.434" level="INFO">Clicking element '(//*[contains(@href,'/candidate/login')])[1]'.</msg>
<status status="PASS" starttime="20221127 11:13:13.431" endtime="20221127 11:13:14.754"/>
</kw>
<status status="PASS" starttime="20221127 11:13:11.737" endtime="20221127 11:13:14.754"/>
</kw>
<status status="PASS" starttime="20221127 11:13:10.917" endtime="20221127 11:13:14.754"/>
</kw>
<kw name="Load Json From File" library="JSONLibrary">
<var>${file}</var>
<arg>C:\\Users\\m.sameer\\PycharmProjects\\Robot_POC\\TestSuites${/}resources${/}login.json</arg>
<doc>Load JSON from file.</doc>
<msg timestamp="20221127 11:13:14.755" level="INFO">${file} = {'userName': 'ghadeer_candidite@inboxbear.com', 'password': 'Ghadeerk@12', 'otp': '000000'}</msg>
<status status="PASS" starttime="20221127 11:13:14.754" endtime="20221127 11:13:14.755"/>
</kw>
<kw name="Get Value From Json" library="JSONLibrary">
<var>${candidate_Email}</var>
<arg>${file}</arg>
<arg>$.userName</arg>
<doc>Get Value From JSON using JSONPath</doc>
<msg timestamp="20221127 11:13:14.802" level="INFO">${candidate_Email} = ['ghadeer_candidite@inboxbear.com']</msg>
<status status="PASS" starttime="20221127 11:13:14.755" endtime="20221127 11:13:14.802"/>
</kw>
<kw name="Get Value From Json" library="JSONLibrary">
<var>${candidate_Pass}</var>
<arg>${file}</arg>
<arg>$.password</arg>
<doc>Get Value From JSON using JSONPath</doc>
<msg timestamp="20221127 11:13:14.858" level="INFO">${candidate_Pass} = ['Ghadeerk@12']</msg>
<status status="PASS" starttime="20221127 11:13:14.803" endtime="20221127 11:13:14.858"/>
</kw>
<kw name="Get Value From Json" library="JSONLibrary">
<var>${candidate_OTP}</var>
<arg>${file}</arg>
<arg>$.otp</arg>
<doc>Get Value From JSON using JSONPath</doc>
<msg timestamp="20221127 11:13:14.973" level="INFO">${candidate_OTP} = ['000000']</msg>
<status status="PASS" starttime="20221127 11:13:14.859" endtime="20221127 11:13:14.973"/>
</kw>
<kw name="User SignIn" library="Keywords_Login">
<arg>${candidate_Email[0]}</arg>
<arg>${candidate_Pass[0]}</arg>
<arg>${candidate_OTP[0]}</arg>
<kw name="Insert Text in Email" library="Login_Page">
<arg>${Username}</arg>
<kw name="Wait Until Element Is Enabled" library="SeleniumLibrary">
<arg>${Email_Txt}</arg>
<arg>${Explicit_TimeOut}</arg>
<doc>Waits until the element ``locator`` is enabled.</doc>
<status status="PASS" starttime="20221127 11:13:14.978" endtime="20221127 11:13:16.560"/>
</kw>
<kw name="Input Text" library="SeleniumLibrary">
<arg>${Email_Txt}</arg>
<arg>${UserMail_Value}</arg>
<doc>Types the given ``text`` into the text field identified by ``locator``.</doc>
<msg timestamp="20221127 11:13:16.562" level="INFO">Typing text 'ghadeer_candidite@inboxbear.com' into text field '//input[contains(@type,'email')]'.</msg>
<status status="PASS" starttime="20221127 11:13:16.561" endtime="20221127 11:13:19.160"/>
</kw>
<status status="PASS" starttime="20221127 11:13:14.977" endtime="20221127 11:13:19.161"/>
</kw>
<kw name="Insert Text in Password" library="Login_Page">
<arg>${Password}</arg>
<kw name="Wait Until Element Is Enabled" library="SeleniumLibrary">
<arg>${password_Txt}</arg>
<arg>${Explicit_TimeOut}</arg>
<doc>Waits until the element ``locator`` is enabled.</doc>
<status status="PASS" starttime="20221127 11:13:19.164" endtime="20221127 11:13:20.760"/>
</kw>
<kw name="Input Text" library="SeleniumLibrary">
<arg>${password_Txt}</arg>
<arg>${Password_Value}</arg>
<doc>Types the given ``text`` into the text field identified by ``locator``.</doc>
<msg timestamp="20221127 11:13:20.762" level="INFO">Typing text 'Ghadeerk@12' into text field '//input[contains(@type,'password')]'.</msg>
<status status="PASS" starttime="20221127 11:13:20.760" endtime="20221127 11:13:22.626"/>
</kw>
<status status="PASS" starttime="20221127 11:13:19.162" endtime="20221127 11:13:22.627"/>
</kw>
<kw name="Click Continue Button" library="Login_Page">
<kw name="Wait Until Element Is Visible" library="SeleniumLibrary">
<arg>${Continue_Btn}</arg>
<arg>${Explicit_TimeOut}</arg>
<doc>Waits until the element ``locator`` is visible.</doc>
<status status="PASS" starttime="20221127 11:13:22.628" endtime="20221127 11:13:23.736"/>
</kw>
<kw name="Click Element" library="SeleniumLibrary">
<arg>${Continue_Btn}</arg>
<doc>Click the element identified by ``locator``.</doc>
<msg timestamp="20221127 11:13:23.738" level="INFO">Clicking element '//span[contains(text(),'Continue')]'.</msg>
<status status="PASS" starttime="20221127 11:13:23.736" endtime="20221127 11:13:24.848"/>
</kw>
<status status="PASS" starttime="20221127 11:13:22.627" endtime="20221127 11:13:24.849"/>
</kw>
<kw name="Insert Text in OTP" library="Login_Page">
<arg>${OTP}</arg>
<kw name="Wait Until Element Is Enabled" library="SeleniumLibrary">
<arg>${OTP_Txt}</arg>
<arg>${Explicit_TimeOut}</arg>
<doc>Waits until the element ``locator`` is enabled.</doc>
<status status="PASS" starttime="20221127 11:13:24.850" endtime="20221127 11:13:26.410"/>
</kw>
<kw name="Input Text" library="SeleniumLibrary">
<arg>${OTP_Txt}</arg>
<arg>${OTP_Value}</arg>
<doc>Types the given ``text`` into the text field identified by ``locator``.</doc>
<msg timestamp="20221127 11:13:26.412" level="INFO">Typing text '000000' into text field '//input[contains(@autofocus,'autofocus')]'.</msg>
<status status="PASS" starttime="20221127 11:13:26.410" endtime="20221127 11:13:28.120"/>
</kw>
<status status="PASS" starttime="20221127 11:13:24.849" endtime="20221127 11:13:28.120"/>
</kw>
<kw name="Verify User Logged In" library="Login_Page">
<kw name="Wait Until Page Contains Element" library="SeleniumLibrary">
<arg>${VerificationRequest_Btn}</arg>
<arg>${Explicit_TimeOut}</arg>
<doc>Waits until the element ``locator`` appears on the current page.</doc>
<status status="PASS" starttime="20221127 11:13:28.122" endtime="20221127 11:13:29.434"/>
</kw>
<status status="PASS" starttime="20221127 11:13:28.121" endtime="20221127 11:13:29.435"/>
</kw>
<status status="PASS" starttime="20221127 11:13:14.973" endtime="20221127 11:13:29.436"/>
</kw>
<kw name="Close Browser" library="SeleniumLibrary" type="TEARDOWN">
<doc>Closes the current browser.</doc>
<status status="PASS" starttime="20221127 11:13:29.437" endtime="20221127 11:13:33.646"/>
</kw>
<tag>Positive, Login-Functionality, Smoke-Test</tag>
<status status="PASS" starttime="20221127 11:12:58.308" endtime="20221127 11:13:33.647"/>
</test>
<doc>Test Suite for Login Cases</doc>
<status status="PASS" starttime="20221127 11:12:57.690" endtime="20221127 11:13:33.648"/>
</suite>
<status status="PASS" starttime="20221127 11:12:57.652" endtime="20221127 11:13:33.651"/>
</suite>
<statistics>
<total>
<stat pass="1" fail="0" skip="0">All Tests</stat>
</total>
<tag>
<stat pass="1" fail="0" skip="0">Positive, Login-Functionality, Smoke-Test</stat>
</tag>
<suite>
<stat pass="1" fail="0" skip="0" id="s1" name="Suites">Suites</stat>
<stat pass="1" fail="0" skip="0" id="s1-s1" name="Login TestSuite2">Suites.Login TestSuite2</stat>
</suite>
</statistics>
<errors>
</errors>
</robot>
