<?xml version="1.0" encoding="UTF-8"?>
<robot generator="Robot 6.0.1 (Python 3.8.0 on win32)" generated="20221127 11:12:57.683" rpa="false" schemaversion="3">
<suite id="s1" name="Suites">
<suite id="s1-s1" name="Login TestSuite" source="C:\Users\m.sameer\PycharmProjects\Robot_POC\TestSuites\Login_TestSuite.robot">
<test id="s1-s1-t1" name="Test Case SignIn with Valid Credentials" line="10">
<kw name="Open Chrome Browser" library="Webdriver_Manager" type="SETUP">
<kw name="Set Common Global Variables" library="Variables">
<kw name="Set Global Variable" library="BuiltIn">
<arg>${URL}</arg>
<arg>https://spa.qvp.uat.devops.takamol.support/home</arg>
<doc>Makes a variable available globally in all tests and suites.</doc>
<msg timestamp="20221127 11:12:58.213" level="INFO">${URL} = https://spa.qvp.uat.devops.takamol.support/home</msg>
<status status="PASS" starttime="20221127 11:12:58.211" endtime="20221127 11:12:58.214"/>
</kw>
<kw name="Set Global Variable" library="BuiltIn">
<arg>${Explicit_Timeout}</arg>
<arg>60s</arg>
<doc>Makes a variable available globally in all tests and suites.</doc>
<msg timestamp="20221127 11:12:58.215" level="INFO">${Explicit_Timeout} = 60s</msg>
<status status="PASS" starttime="20221127 11:12:58.214" endtime="20221127 11:12:58.215"/>
</kw>
<status status="PASS" starttime="20221127 11:12:58.210" endtime="20221127 11:12:58.216"/>
</kw>
<kw name="Open Browser" library="SeleniumLibrary">
<arg>url=${URL}</arg>
<arg>browser=Chrome</arg>
<doc>Opens a new browser instance to the optional ``url``.</doc>
<msg timestamp="20221127 11:12:58.218" level="INFO">Opening browser 'Chrome' to base url 'https://spa.qvp.uat.devops.takamol.support/home'.</msg>
<status status="PASS" starttime="20221127 11:12:58.216" endtime="20221127 11:13:11.756"/>
</kw>
<kw name="Maximize Browser Window" library="SeleniumLibrary">
<doc>Maximizes current browser window.</doc>
<status status="PASS" starttime="20221127 11:13:11.756" endtime="20221127 11:13:11.993"/>
</kw>
<kw name="Set Selenium Speed" library="SeleniumLibrary">
<arg>0.5s</arg>
<doc>Sets the delay that is waited after each Selenium command.</doc>
<status status="PASS" starttime="20221127 11:13:11.993" endtime="20221127 11:13:11.994"/>
</kw>
<status status="PASS" starttime="20221127 11:12:58.209" endtime="20221127 11:13:11.995"/>
</kw>
<kw name="Open Sign In Page" library="Keywords_Login">
<kw name="Get Home Page Logo" library="Home_Page">
<kw name="Wait Until Page Contains Element" library="SeleniumLibrary">
<arg>${home_Logo}</arg>
<arg>${Explicit_Timeout}</arg>
<doc>Waits until the element ``locator`` appears on the current page.</doc>
<status status="PASS" starttime="20221127 11:13:11.999" endtime="20221127 11:13:12.553"/>
</kw>
<status status="PASS" starttime="20221127 11:13:11.997" endtime="20221127 11:13:12.554"/>
</kw>
<kw name="Click Login Button in Home Page" library="Home_Page">
<kw name="Wait Until Element Is Enabled" library="SeleniumLibrary">
<arg>${login_Btn}</arg>
<arg>${Explicit_Timeout}</arg>
<doc>Waits until the element ``locator`` is enabled.</doc>
<status status="PASS" starttime="20221127 11:13:12.556" endtime="20221127 11:13:14.227"/>
</kw>
<kw name="Click Element" library="SeleniumLibrary">
<arg>${login_Btn}</arg>
<doc>Click the element identified by ``locator``.</doc>
<msg timestamp="20221127 11:13:14.231" level="INFO">Clicking element '(//*[contains(@href,'/candidate/login')])[1]'.</msg>
<status status="PASS" starttime="20221127 11:13:14.228" endtime="20221127 11:13:15.436"/>
</kw>
<status status="PASS" starttime="20221127 11:13:12.554" endtime="20221127 11:13:15.436"/>
</kw>
<status status="PASS" starttime="20221127 11:13:11.995" endtime="20221127 11:13:15.437"/>
</kw>
<kw name="User SignIn" library="Keywords_Login">
<arg>ghadeer_candidite@inboxbear.com</arg>
<arg>Ghadeerk@12</arg>
<arg>000000</arg>
<kw name="Insert Text in Email" library="Login_Page">
<arg>${Username}</arg>
<kw name="Wait Until Element Is Enabled" library="SeleniumLibrary">
<arg>${Email_Txt}</arg>
<arg>${Explicit_TimeOut}</arg>
<doc>Waits until the element ``locator`` is enabled.</doc>
<status status="PASS" starttime="20221127 11:13:15.439" endtime="20221127 11:13:17.001"/>
</kw>
<kw name="Input Text" library="SeleniumLibrary">
<arg>${Email_Txt}</arg>
<arg>${UserMail_Value}</arg>
<doc>Types the given ``text`` into the text field identified by ``locator``.</doc>
<msg timestamp="20221127 11:13:17.003" level="INFO">Typing text 'ghadeer_candidite@inboxbear.com' into text field '//input[contains(@type,'email')]'.</msg>
<status status="PASS" starttime="20221127 11:13:17.002" endtime="20221127 11:13:19.239"/>
</kw>
<status status="PASS" starttime="20221127 11:13:15.438" endtime="20221127 11:13:19.240"/>
</kw>
<kw name="Insert Text in Password" library="Login_Page">
<arg>${Password}</arg>
<kw name="Wait Until Element Is Enabled" library="SeleniumLibrary">
<arg>${password_Txt}</arg>
<arg>${Explicit_TimeOut}</arg>
<doc>Waits until the element ``locator`` is enabled.</doc>
<status status="PASS" starttime="20221127 11:13:19.242" endtime="20221127 11:13:20.855"/>
</kw>
<kw name="Input Text" library="SeleniumLibrary">
<arg>${password_Txt}</arg>
<arg>${Password_Value}</arg>
<doc>Types the given ``text`` into the text field identified by ``locator``.</doc>
<msg timestamp="20221127 11:13:20.858" level="INFO">Typing text 'Ghadeerk@12' into text field '//input[contains(@type,'password')]'.</msg>
<status status="PASS" starttime="20221127 11:13:20.856" endtime="20221127 11:13:22.813"/>
</kw>
<status status="PASS" starttime="20221127 11:13:19.241" endtime="20221127 11:13:22.814"/>
</kw>
<kw name="Click Continue Button" library="Login_Page">
<kw name="Wait Until Element Is Visible" library="SeleniumLibrary">
<arg>${Continue_Btn}</arg>
<arg>${Explicit_TimeOut}</arg>
<doc>Waits until the element ``locator`` is visible.</doc>
<status status="PASS" starttime="20221127 11:13:22.815" endtime="20221127 11:13:23.862"/>
</kw>
<kw name="Click Element" library="SeleniumLibrary">
<arg>${Continue_Btn}</arg>
<doc>Click the element identified by ``locator``.</doc>
<msg timestamp="20221127 11:13:23.864" level="INFO">Clicking element '//span[contains(text(),'Continue')]'.</msg>
<status status="PASS" starttime="20221127 11:13:23.863" endtime="20221127 11:13:25.106"/>
</kw>
<status status="PASS" starttime="20221127 11:13:22.814" endtime="20221127 11:13:25.106"/>
</kw>
<kw name="Insert Text in OTP" library="Login_Page">
<arg>${OTP}</arg>
<kw name="Wait Until Element Is Enabled" library="SeleniumLibrary">
<arg>${OTP_Txt}</arg>
<arg>${Explicit_TimeOut}</arg>
<doc>Waits until the element ``locator`` is enabled.</doc>
<status status="PASS" starttime="20221127 11:13:25.108" endtime="20221127 11:13:26.847"/>
</kw>
<kw name="Input Text" library="SeleniumLibrary">
<arg>${OTP_Txt}</arg>
<arg>${OTP_Value}</arg>
<doc>Types the given ``text`` into the text field identified by ``locator``.</doc>
<msg timestamp="20221127 11:13:26.849" level="INFO">Typing text '000000' into text field '//input[contains(@autofocus,'autofocus')]'.</msg>
<status status="PASS" starttime="20221127 11:13:26.847" endtime="20221127 11:13:28.517"/>
</kw>
<status status="PASS" starttime="20221127 11:13:25.107" endtime="20221127 11:13:28.518"/>
</kw>
<kw name="Verify User Logged In" library="Login_Page">
<kw name="Wait Until Page Contains Element" library="SeleniumLibrary">
<arg>${VerificationRequest_Btn}</arg>
<arg>${Explicit_TimeOut}</arg>
<doc>Waits until the element ``locator`` appears on the current page.</doc>
<status status="PASS" starttime="20221127 11:13:28.519" endtime="20221127 11:13:29.793"/>
</kw>
<status status="PASS" starttime="20221127 11:13:28.518" endtime="20221127 11:13:29.793"/>
</kw>
<status status="PASS" starttime="20221127 11:13:15.437" endtime="20221127 11:13:29.794"/>
</kw>
<kw name="Close Browser" library="SeleniumLibrary" type="TEARDOWN">
<doc>Closes the current browser.</doc>
<status status="PASS" starttime="20221127 11:13:29.796" endtime="20221127 11:13:33.583"/>
</kw>
<tag>Positive, Login-Functionality, Smoke-Test</tag>
<status status="PASS" starttime="20221127 11:12:58.208" endtime="20221127 11:13:33.583"/>
</test>
<doc>Test Suite for Login Cases</doc>
<status status="PASS" starttime="20221127 11:12:57.730" endtime="20221127 11:13:33.584"/>
</suite>
<status status="PASS" starttime="20221127 11:12:57.696" endtime="20221127 11:13:33.587"/>
</suite>
<statistics>
<total>
<stat pass="1" fail="0" skip="0">All Tests</stat>
</total>
<tag>
<stat pass="1" fail="0" skip="0">Positive, Login-Functionality, Smoke-Test</stat>
</tag>
<suite>
<stat pass="1" fail="0" skip="0" id="s1" name="Suites">Suites</stat>
<stat pass="1" fail="0" skip="0" id="s1-s1" name="Login TestSuite">Suites.Login TestSuite</stat>
</suite>
</statistics>
<errors>
</errors>
</robot>
