<?xml version="1.0" encoding="UTF-8"?>
<robot generator="Robot 6.0.1 (Python 3.8.0 on win32)" generated="20221127 11:12:57.702" rpa="false" schemaversion="3">
<suite id="s1" name="Suites">
<suite id="s1-s1" name="Login TestSuite2" source="C:\Users\m.sameer\PycharmProjects\Robot_POC\TestSuites\Login_TestSuite2.robot">
<test id="s1-s1-t1" name="Test Case SignIn with Valid Credentials2" line="23">
<kw name="Open Chrome Browser" library="Webdriver_Manager" type="SETUP">
<kw name="Set Common Global Variables" library="Variables">
<kw name="Set Global Variable" library="BuiltIn">
<arg>${URL}</arg>
<arg>https://spa.qvp.uat.devops.takamol.support/home</arg>
<doc>Makes a variable available globally in all tests and suites.</doc>
<msg timestamp="20221127 11:12:58.350" level="INFO">${URL} = https://spa.qvp.uat.devops.takamol.support/home</msg>
<status status="PASS" starttime="20221127 11:12:58.346" endtime="20221127 11:12:58.350"/>
</kw>
<kw name="Set Global Variable" library="BuiltIn">
<arg>${Explicit_Timeout}</arg>
<arg>60s</arg>
<doc>Makes a variable available globally in all tests and suites.</doc>
<msg timestamp="20221127 11:12:58.351" level="INFO">${Explicit_Timeout} = 60s</msg>
<status status="PASS" starttime="20221127 11:12:58.350" endtime="20221127 11:12:58.351"/>
</kw>
<status status="PASS" starttime="20221127 11:12:58.344" endtime="20221127 11:12:58.351"/>
</kw>
<kw name="Open Browser" library="SeleniumLibrary">
<arg>url=${URL}</arg>
<arg>browser=Chrome</arg>
<doc>Opens a new browser instance to the optional ``url``.</doc>
<msg timestamp="20221127 11:12:58.353" level="INFO">Opening browser 'Chrome' to base url 'https://spa.qvp.uat.devops.takamol.support/home'.</msg>
<status status="PASS" starttime="20221127 11:12:58.351" endtime="20221127 11:13:07.871"/>
</kw>
<kw name="Maximize Browser Window" library="SeleniumLibrary">
<doc>Maximizes current browser window.</doc>
<status status="PASS" starttime="20221127 11:13:07.871" endtime="20221127 11:13:08.143"/>
</kw>
<kw name="Set Selenium Speed" library="SeleniumLibrary">
<arg>0.5s</arg>
<doc>Sets the delay that is waited after each Selenium command.</doc>
<status status="PASS" starttime="20221127 11:13:08.144" endtime="20221127 11:13:08.145"/>
</kw>
<status status="PASS" starttime="20221127 11:12:58.343" endtime="20221127 11:13:08.145"/>
</kw>
<kw name="Open Sign In Page" library="Keywords_Login">
<kw name="Get Home Page Logo" library="Home_Page">
<kw name="Wait Until Page Contains Element" library="SeleniumLibrary">
<arg>${home_Logo}</arg>
<arg>${Explicit_Timeout}</arg>
<doc>Waits until the element ``locator`` appears on the current page.</doc>
<status status="PASS" starttime="20221127 11:13:08.149" endtime="20221127 11:13:12.474"/>
</kw>
<status status="PASS" starttime="20221127 11:13:08.148" endtime="20221127 11:13:12.475"/>
</kw>
<kw name="Click Login Button in Home Page" library="Home_Page">
<kw name="Wait Until Element Is Enabled" library="SeleniumLibrary">
<arg>${login_Btn}</arg>
<arg>${Explicit_Timeout}</arg>
<doc>Waits until the element ``locator`` is enabled.</doc>
<status status="PASS" starttime="20221127 11:13:12.477" endtime="20221127 11:13:14.088"/>
</kw>
<kw name="Click Element" library="SeleniumLibrary">
<arg>${login_Btn}</arg>
<doc>Click the element identified by ``locator``.</doc>
<msg timestamp="20221127 11:13:14.090" level="INFO">Clicking element '(//*[contains(@href,'/candidate/login')])[1]'.</msg>
<status status="PASS" starttime="20221127 11:13:14.088" endtime="20221127 11:13:15.331"/>
</kw>
<status status="PASS" starttime="20221127 11:13:12.476" endtime="20221127 11:13:15.333"/>
</kw>
<status status="PASS" starttime="20221127 11:13:08.146" endtime="20221127 11:13:15.334"/>
</kw>
<kw name="Load Json From File" library="JSONLibrary">
<var>${file}</var>
<arg>C:\\Users\\m.sameer\\PycharmProjects\\Robot_POC\\TestSuites${/}resources${/}login.json</arg>
<doc>Load JSON from file.</doc>
<msg timestamp="20221127 11:13:15.337" level="INFO">${file} = {'userName': 'ghadeer_candidite@inboxbear.com', 'password': 'Ghadeerk@12', 'otp': '000000'}</msg>
<status status="PASS" starttime="20221127 11:13:15.334" endtime="20221127 11:13:15.337"/>
</kw>
<kw name="Get Value From Json" library="JSONLibrary">
<var>${candidate_Email}</var>
<arg>${file}</arg>
<arg>$.userName</arg>
<doc>Get Value From JSON using JSONPath</doc>
<msg timestamp="20221127 11:13:15.444" level="INFO">${candidate_Email} = ['ghadeer_candidite@inboxbear.com']</msg>
<status status="PASS" starttime="20221127 11:13:15.337" endtime="20221127 11:13:15.444"/>
</kw>
<kw name="Get Value From Json" library="JSONLibrary">
<var>${candidate_Pass}</var>
<arg>${file}</arg>
<arg>$.password</arg>
<doc>Get Value From JSON using JSONPath</doc>
<msg timestamp="20221127 11:13:15.473" level="INFO">${candidate_Pass} = ['Ghadeerk@12']</msg>
<status status="PASS" starttime="20221127 11:13:15.445" endtime="20221127 11:13:15.473"/>
</kw>
<kw name="Get Value From Json" library="JSONLibrary">
<var>${candidate_OTP}</var>
<arg>${file}</arg>
<arg>$.otp</arg>
<doc>Get Value From JSON using JSONPath</doc>
<msg timestamp="20221127 11:13:15.537" level="INFO">${candidate_OTP} = ['000000']</msg>
<status status="PASS" starttime="20221127 11:13:15.473" endtime="20221127 11:13:15.537"/>
</kw>
<kw name="User SignIn" library="Keywords_Login">
<arg>${candidate_Email[0]}</arg>
<arg>${candidate_Pass[0]}</arg>
<arg>${candidate_OTP[0]}</arg>
<kw name="Insert Text in Email" library="Login_Page">
<arg>${Username}</arg>
<kw name="Wait Until Element Is Enabled" library="SeleniumLibrary">
<arg>${Email_Txt}</arg>
<arg>${Explicit_TimeOut}</arg>
<doc>Waits until the element ``locator`` is enabled.</doc>
<status status="PASS" starttime="20221127 11:13:15.543" endtime="20221127 11:13:17.122"/>
</kw>
<kw name="Input Text" library="SeleniumLibrary">
<arg>${Email_Txt}</arg>
<arg>${UserMail_Value}</arg>
<doc>Types the given ``text`` into the text field identified by ``locator``.</doc>
<msg timestamp="20221127 11:13:17.124" level="INFO">Typing text 'ghadeer_candidite@inboxbear.com' into text field '//input[contains(@type,'email')]'.</msg>
<status status="PASS" starttime="20221127 11:13:17.123" endtime="20221127 11:13:20.217"/>
</kw>
<status status="PASS" starttime="20221127 11:13:15.542" endtime="20221127 11:13:20.218"/>
</kw>
<kw name="Insert Text in Password" library="Login_Page">
<arg>${Password}</arg>
<kw name="Wait Until Element Is Enabled" library="SeleniumLibrary">
<arg>${password_Txt}</arg>
<arg>${Explicit_TimeOut}</arg>
<doc>Waits until the element ``locator`` is enabled.</doc>
<status status="PASS" starttime="20221127 11:13:20.219" endtime="20221127 11:13:21.877"/>
</kw>
<kw name="Input Text" library="SeleniumLibrary">
<arg>${password_Txt}</arg>
<arg>${Password_Value}</arg>
<doc>Types the given ``text`` into the text field identified by ``locator``.</doc>
<msg timestamp="20221127 11:13:21.879" level="INFO">Typing text 'Ghadeerk@12' into text field '//input[contains(@type,'password')]'.</msg>
<status status="PASS" starttime="20221127 11:13:21.878" endtime="20221127 11:13:24.159"/>
</kw>
<status status="PASS" starttime="20221127 11:13:20.218" endtime="20221127 11:13:24.160"/>
</kw>
<kw name="Click Continue Button" library="Login_Page">
<kw name="Wait Until Element Is Visible" library="SeleniumLibrary">
<arg>${Continue_Btn}</arg>
<arg>${Explicit_TimeOut}</arg>
<doc>Waits until the element ``locator`` is visible.</doc>
<status status="PASS" starttime="20221127 11:13:24.161" endtime="20221127 11:13:25.291"/>
</kw>
<kw name="Click Element" library="SeleniumLibrary">
<arg>${Continue_Btn}</arg>
<doc>Click the element identified by ``locator``.</doc>
<msg timestamp="20221127 11:13:25.293" level="INFO">Clicking element '//span[contains(text(),'Continue')]'.</msg>
<status status="PASS" starttime="20221127 11:13:25.291" endtime="20221127 11:13:26.472"/>
</kw>
<status status="PASS" starttime="20221127 11:13:24.160" endtime="20221127 11:13:26.472"/>
</kw>
<kw name="Insert Text in OTP" library="Login_Page">
<arg>${OTP}</arg>
<kw name="Wait Until Element Is Enabled" library="SeleniumLibrary">
<arg>${OTP_Txt}</arg>
<arg>${Explicit_TimeOut}</arg>
<doc>Waits until the element ``locator`` is enabled.</doc>
<status status="PASS" starttime="20221127 11:13:26.473" endtime="20221127 11:13:28.120"/>
</kw>
<kw name="Input Text" library="SeleniumLibrary">
<arg>${OTP_Txt}</arg>
<arg>${OTP_Value}</arg>
<doc>Types the given ``text`` into the text field identified by ``locator``.</doc>
<msg timestamp="20221127 11:13:28.122" level="INFO">Typing text '000000' into text field '//input[contains(@autofocus,'autofocus')]'.</msg>
<status status="PASS" starttime="20221127 11:13:28.120" endtime="20221127 11:13:31.400"/>
</kw>
<status status="PASS" starttime="20221127 11:13:26.473" endtime="20221127 11:13:31.400"/>
</kw>
<kw name="Verify User Logged In" library="Login_Page">
<kw name="Wait Until Page Contains Element" library="SeleniumLibrary">
<arg>${VerificationRequest_Btn}</arg>
<arg>${Explicit_TimeOut}</arg>
<doc>Waits until the element ``locator`` appears on the current page.</doc>
<status status="PASS" starttime="20221127 11:13:31.401" endtime="20221127 11:13:35.228"/>
</kw>
<status status="PASS" starttime="20221127 11:13:31.401" endtime="20221127 11:13:35.229"/>
</kw>
<status status="PASS" starttime="20221127 11:13:15.538" endtime="20221127 11:13:35.230"/>
</kw>
<kw name="Close Browser" library="SeleniumLibrary" type="TEARDOWN">
<doc>Closes the current browser.</doc>
<status status="PASS" starttime="20221127 11:13:35.231" endtime="20221127 11:13:37.930"/>
</kw>
<status status="PASS" starttime="20221127 11:12:58.341" endtime="20221127 11:13:37.930"/>
</test>
<doc>Test Suite for Login Cases</doc>
<status status="PASS" starttime="20221127 11:12:57.773" endtime="20221127 11:13:37.931"/>
</suite>
<status status="PASS" starttime="20221127 11:12:57.717" endtime="20221127 11:13:37.934"/>
</suite>
<statistics>
<total>
<stat pass="1" fail="0" skip="0">All Tests</stat>
</total>
<tag>
</tag>
<suite>
<stat pass="1" fail="0" skip="0" id="s1" name="Suites">Suites</stat>
<stat pass="1" fail="0" skip="0" id="s1-s1" name="Login TestSuite2">Suites.Login TestSuite2</stat>
</suite>
</statistics>
<errors>
</errors>
</robot>
